D:\FEMASV0.00_CONTEST2015\HUSKY\DEBUG\HUSKY.EXE
D:\FEMASV0.00_CONTEST2015\HUSKY\DEBUG\HUSKY.ILK
D:\FEMASV0.00_CONTEST2015\HUSKY\DEBUG\HUSKY.PDB
D:\FEMASV0.00_CONTEST2015\HUSKY\HUSKY\DEBUG\CANDLECHART.OBJ
D:\FEMASV0.00_CONTEST2015\HUSKY\HUSKY\DEBUG\CHART.OBJ
D:\FEMASV0.00_CONTEST2015\HUSKY\HUSKY\DEBUG\CHARTAXIS.OBJ
D:\FEMASV0.00_CONTEST2015\HUSKY\HUSKY\DEBUG\CHARTAXISLABEL.OBJ
D:\FEMASV0.00_CONTEST2015\HUSKY\HUSKY\DEBUG\CHARTBARSERIE.OBJ
D:\FEMASV0.00_CONTEST2015\HUSKY\HUSKY\DEBUG\CHARTCANDLESTICKSERIE.OBJ
D:\FEMASV0.00_CONTEST2015\HUSKY\HUSKY\DEBUG\CHARTCROSSHAIRCURSOR.OBJ
D:\FEMASV0.00_CONTEST2015\HUSKY\HUSKY\DEBUG\CHARTCTRL.OBJ
D:\FEMASV0.00_CONTEST2015\HUSKY\HUSKY\DEBUG\CHARTCURSOR.OBJ
D:\FEMASV0.00_CONTEST2015\HUSKY\HUSKY\DEBUG\CHARTDATETIMEAXIS.OBJ
D:\FEMASV0.00_CONTEST2015\HUSKY\HUSKY\DEBUG\CHARTDRAGLINECURSOR.OBJ
D:\FEMASV0.00_CONTEST2015\HUSKY\HUSKY\DEBUG\CHARTFONT.OBJ
D:\FEMASV0.00_CONTEST2015\HUSKY\HUSKY\DEBUG\CHARTGANTTSERIE.OBJ
D:\FEMASV0.00_CONTEST2015\HUSKY\HUSKY\DEBUG\CHARTGRADIENT.OBJ
D:\FEMASV0.00_CONTEST2015\HUSKY\HUSKY\DEBUG\CHARTGRID.OBJ
D:\FEMASV0.00_CONTEST2015\HUSKY\HUSKY\DEBUG\CHARTLEGEND.OBJ
D:\FEMASV0.00_CONTEST2015\HUSKY\HUSKY\DEBUG\CHARTLINESERIE.OBJ
D:\FEMASV0.00_CONTEST2015\HUSKY\HUSKY\DEBUG\CHARTLOGARITHMICAXIS.OBJ
D:\FEMASV0.00_CONTEST2015\HUSKY\HUSKY\DEBUG\CHARTPOINTSSERIE.OBJ
D:\FEMASV0.00_CONTEST2015\HUSKY\HUSKY\DEBUG\CHARTSCROLLBAR.OBJ
D:\FEMASV0.00_CONTEST2015\HUSKY\HUSKY\DEBUG\CHARTSERIE.OBJ
D:\FEMASV0.00_CONTEST2015\HUSKY\HUSKY\DEBUG\CHARTSTANDARDAXIS.OBJ
D:\FEMASV0.00_CONTEST2015\HUSKY\HUSKY\DEBUG\CHARTSURFACESERIE.OBJ
D:\FEMASV0.00_CONTEST2015\HUSKY\HUSKY\DEBUG\CHARTTITLE.OBJ
D:\FEMASV0.00_CONTEST2015\HUSKY\HUSKY\DEBUG\CHARTXYSERIE.OBJ
D:\FEMASV0.00_CONTEST2015\HUSKY\HUSKY\DEBUG\CHOOSEINS.OBJ
D:\FemasV0.00_contest2015\husky\husky\Debug\cl.command.1.tlog
D:\FemasV0.00_contest2015\husky\husky\Debug\CL.read.1.tlog
D:\FemasV0.00_contest2015\husky\husky\Debug\CL.write.1.tlog
D:\FEMASV0.00_CONTEST2015\HUSKY\HUSKY\DEBUG\FILEDATAMANAGER.OBJ
D:\FEMASV0.00_CONTEST2015\HUSKY\HUSKY\DEBUG\HUSKY.EXE.EMBED.MANIFEST
D:\FEMASV0.00_CONTEST2015\HUSKY\HUSKY\DEBUG\HUSKY.EXE.EMBED.MANIFEST.RES
D:\FEMASV0.00_CONTEST2015\HUSKY\HUSKY\DEBUG\HUSKY.EXE.INTERMEDIATE.MANIFEST
D:\FEMASV0.00_CONTEST2015\HUSKY\HUSKY\DEBUG\HUSKY.OBJ
D:\FEMASV0.00_CONTEST2015\HUSKY\HUSKY\DEBUG\HUSKY.PCH
D:\FEMASV0.00_CONTEST2015\HUSKY\HUSKY\DEBUG\HUSKY.RES
D:\FemasV0.00_contest2015\husky\husky\Debug\husky.vcxprojResolveAssemblyReference.cache
D:\FemasV0.00_contest2015\husky\husky\Debug\husky.write.1.tlog
D:\FemasV0.00_contest2015\husky\husky\Debug\husky_manifest.rc
D:\FEMASV0.00_CONTEST2015\HUSKY\HUSKY\DEBUG\HUSKYDLG.OBJ
D:\FEMASV0.00_CONTEST2015\HUSKY\HUSKY\DEBUG\HUSKYDLGOPERATE.OBJ
D:\FemasV0.00_contest2015\husky\husky\Debug\link.1164.read.1.tlog
D:\FemasV0.00_contest2015\husky\husky\Debug\link.1164.write.1.tlog
D:\FemasV0.00_contest2015\husky\husky\Debug\link.1164-cvtres.read.1.tlog
D:\FemasV0.00_contest2015\husky\husky\Debug\link.1164-cvtres.write.1.tlog
D:\FemasV0.00_contest2015\husky\husky\Debug\link.1196.read.1.tlog
D:\FemasV0.00_contest2015\husky\husky\Debug\link.1196.write.1.tlog
D:\FemasV0.00_contest2015\husky\husky\Debug\link.1196-cvtres.read.1.tlog
D:\FemasV0.00_contest2015\husky\husky\Debug\link.1196-cvtres.write.1.tlog
D:\FemasV0.00_contest2015\husky\husky\Debug\link.1444.read.1.tlog
D:\FemasV0.00_contest2015\husky\husky\Debug\link.1444.write.1.tlog
D:\FemasV0.00_contest2015\husky\husky\Debug\link.1444-cvtres.read.1.tlog
D:\FemasV0.00_contest2015\husky\husky\Debug\link.1444-cvtres.write.1.tlog
D:\FemasV0.00_contest2015\husky\husky\Debug\link.1512.read.1.tlog
D:\FemasV0.00_contest2015\husky\husky\Debug\link.1512.write.1.tlog
D:\FemasV0.00_contest2015\husky\husky\Debug\link.1512-cvtres.read.1.tlog
D:\FemasV0.00_contest2015\husky\husky\Debug\link.1512-cvtres.write.1.tlog
D:\FemasV0.00_contest2015\husky\husky\Debug\link.1520.read.1.tlog
D:\FemasV0.00_contest2015\husky\husky\Debug\link.1520.write.1.tlog
D:\FemasV0.00_contest2015\husky\husky\Debug\link.1520-cvtres.read.1.tlog
D:\FemasV0.00_contest2015\husky\husky\Debug\link.1520-cvtres.write.1.tlog
D:\FemasV0.00_contest2015\husky\husky\Debug\link.2100.read.1.tlog
D:\FemasV0.00_contest2015\husky\husky\Debug\link.2100.write.1.tlog
D:\FemasV0.00_contest2015\husky\husky\Debug\link.2100-cvtres.read.1.tlog
D:\FemasV0.00_contest2015\husky\husky\Debug\link.2100-cvtres.write.1.tlog
D:\FemasV0.00_contest2015\husky\husky\Debug\link.2120.read.1.tlog
D:\FemasV0.00_contest2015\husky\husky\Debug\link.2120.write.1.tlog
D:\FemasV0.00_contest2015\husky\husky\Debug\link.2120-cvtres.read.1.tlog
D:\FemasV0.00_contest2015\husky\husky\Debug\link.2120-cvtres.write.1.tlog
D:\FemasV0.00_contest2015\husky\husky\Debug\link.2192.read.1.tlog
D:\FemasV0.00_contest2015\husky\husky\Debug\link.2192.write.1.tlog
D:\FemasV0.00_contest2015\husky\husky\Debug\link.2192-cvtres.read.1.tlog
D:\FemasV0.00_contest2015\husky\husky\Debug\link.2192-cvtres.write.1.tlog
D:\FemasV0.00_contest2015\husky\husky\Debug\link.2204.read.1.tlog
D:\FemasV0.00_contest2015\husky\husky\Debug\link.2204.write.1.tlog
D:\FemasV0.00_contest2015\husky\husky\Debug\link.2204-cvtres.read.1.tlog
D:\FemasV0.00_contest2015\husky\husky\Debug\link.2204-cvtres.write.1.tlog
D:\FemasV0.00_contest2015\husky\husky\Debug\link.264.read.1.tlog
D:\FemasV0.00_contest2015\husky\husky\Debug\link.264.write.1.tlog
D:\FemasV0.00_contest2015\husky\husky\Debug\link.264-cvtres.read.1.tlog
D:\FemasV0.00_contest2015\husky\husky\Debug\link.264-cvtres.write.1.tlog
D:\FemasV0.00_contest2015\husky\husky\Debug\link.2940.read.1.tlog
D:\FemasV0.00_contest2015\husky\husky\Debug\link.2940.write.1.tlog
D:\FemasV0.00_contest2015\husky\husky\Debug\link.2940-cvtres.read.1.tlog
D:\FemasV0.00_contest2015\husky\husky\Debug\link.2940-cvtres.write.1.tlog
D:\FemasV0.00_contest2015\husky\husky\Debug\link.3772.read.1.tlog
D:\FemasV0.00_contest2015\husky\husky\Debug\link.3772.write.1.tlog
D:\FemasV0.00_contest2015\husky\husky\Debug\link.3772-cvtres.read.1.tlog
D:\FemasV0.00_contest2015\husky\husky\Debug\link.3772-cvtres.write.1.tlog
D:\FemasV0.00_contest2015\husky\husky\Debug\link.3956.read.1.tlog
D:\FemasV0.00_contest2015\husky\husky\Debug\link.3956.write.1.tlog
D:\FemasV0.00_contest2015\husky\husky\Debug\link.3956-cvtres.read.1.tlog
D:\FemasV0.00_contest2015\husky\husky\Debug\link.3956-cvtres.write.1.tlog
D:\FemasV0.00_contest2015\husky\husky\Debug\link.4208.read.1.tlog
D:\FemasV0.00_contest2015\husky\husky\Debug\link.4208.write.1.tlog
D:\FemasV0.00_contest2015\husky\husky\Debug\link.4208-cvtres.read.1.tlog
D:\FemasV0.00_contest2015\husky\husky\Debug\link.4208-cvtres.write.1.tlog
D:\FemasV0.00_contest2015\husky\husky\Debug\link.4600.read.1.tlog
D:\FemasV0.00_contest2015\husky\husky\Debug\link.4600.write.1.tlog
D:\FemasV0.00_contest2015\husky\husky\Debug\link.4600-cvtres.read.1.tlog
D:\FemasV0.00_contest2015\husky\husky\Debug\link.4600-cvtres.write.1.tlog
D:\FemasV0.00_contest2015\husky\husky\Debug\link.4808.read.1.tlog
D:\FemasV0.00_contest2015\husky\husky\Debug\link.4808.write.1.tlog
D:\FemasV0.00_contest2015\husky\husky\Debug\link.4808-cvtres.read.1.tlog
D:\FemasV0.00_contest2015\husky\husky\Debug\link.4808-cvtres.write.1.tlog
D:\FemasV0.00_contest2015\husky\husky\Debug\link.4948.read.1.tlog
D:\FemasV0.00_contest2015\husky\husky\Debug\link.4948.write.1.tlog
D:\FemasV0.00_contest2015\husky\husky\Debug\link.4948-cvtres.read.1.tlog
D:\FemasV0.00_contest2015\husky\husky\Debug\link.4948-cvtres.write.1.tlog
D:\FemasV0.00_contest2015\husky\husky\Debug\link.5256.read.1.tlog
D:\FemasV0.00_contest2015\husky\husky\Debug\link.5256.write.1.tlog
D:\FemasV0.00_contest2015\husky\husky\Debug\link.5256-cvtres.read.1.tlog
D:\FemasV0.00_contest2015\husky\husky\Debug\link.5256-cvtres.write.1.tlog
D:\FemasV0.00_contest2015\husky\husky\Debug\link.5784.read.1.tlog
D:\FemasV0.00_contest2015\husky\husky\Debug\link.5784.write.1.tlog
D:\FemasV0.00_contest2015\husky\husky\Debug\link.5784-cvtres.read.1.tlog
D:\FemasV0.00_contest2015\husky\husky\Debug\link.5784-cvtres.write.1.tlog
D:\FemasV0.00_contest2015\husky\husky\Debug\link.5896.read.1.tlog
D:\FemasV0.00_contest2015\husky\husky\Debug\link.5896.write.1.tlog
D:\FemasV0.00_contest2015\husky\husky\Debug\link.5896-cvtres.read.1.tlog
D:\FemasV0.00_contest2015\husky\husky\Debug\link.5896-cvtres.write.1.tlog
D:\FemasV0.00_contest2015\husky\husky\Debug\link.5996.read.1.tlog
D:\FemasV0.00_contest2015\husky\husky\Debug\link.5996.write.1.tlog
D:\FemasV0.00_contest2015\husky\husky\Debug\link.5996-cvtres.read.1.tlog
D:\FemasV0.00_contest2015\husky\husky\Debug\link.5996-cvtres.write.1.tlog
D:\FemasV0.00_contest2015\husky\husky\Debug\link.6084.read.1.tlog
D:\FemasV0.00_contest2015\husky\husky\Debug\link.6084.write.1.tlog
D:\FemasV0.00_contest2015\husky\husky\Debug\link.6084-cvtres.read.1.tlog
D:\FemasV0.00_contest2015\husky\husky\Debug\link.6084-cvtres.write.1.tlog
D:\FemasV0.00_contest2015\husky\husky\Debug\link.6244.read.1.tlog
D:\FemasV0.00_contest2015\husky\husky\Debug\link.6244.write.1.tlog
D:\FemasV0.00_contest2015\husky\husky\Debug\link.6244-cvtres.read.1.tlog
D:\FemasV0.00_contest2015\husky\husky\Debug\link.6244-cvtres.write.1.tlog
D:\FemasV0.00_contest2015\husky\husky\Debug\link.6320.read.1.tlog
D:\FemasV0.00_contest2015\husky\husky\Debug\link.6320.write.1.tlog
D:\FemasV0.00_contest2015\husky\husky\Debug\link.6320-cvtres.read.1.tlog
D:\FemasV0.00_contest2015\husky\husky\Debug\link.6320-cvtres.write.1.tlog
D:\FemasV0.00_contest2015\husky\husky\Debug\link.6568.read.1.tlog
D:\FemasV0.00_contest2015\husky\husky\Debug\link.6568.write.1.tlog
D:\FemasV0.00_contest2015\husky\husky\Debug\link.6568-cvtres.read.1.tlog
D:\FemasV0.00_contest2015\husky\husky\Debug\link.6568-cvtres.write.1.tlog
D:\FemasV0.00_contest2015\husky\husky\Debug\link.6808.read.1.tlog
D:\FemasV0.00_contest2015\husky\husky\Debug\link.6808.write.1.tlog
D:\FemasV0.00_contest2015\husky\husky\Debug\link.6808-cvtres.read.1.tlog
D:\FemasV0.00_contest2015\husky\husky\Debug\link.6808-cvtres.write.1.tlog
D:\FemasV0.00_contest2015\husky\husky\Debug\link.6848.read.1.tlog
D:\FemasV0.00_contest2015\husky\husky\Debug\link.6848.write.1.tlog
D:\FemasV0.00_contest2015\husky\husky\Debug\link.6848-cvtres.read.1.tlog
D:\FemasV0.00_contest2015\husky\husky\Debug\link.6848-cvtres.write.1.tlog
D:\FemasV0.00_contest2015\husky\husky\Debug\link.7204.read.1.tlog
D:\FemasV0.00_contest2015\husky\husky\Debug\link.7204.write.1.tlog
D:\FemasV0.00_contest2015\husky\husky\Debug\link.7204-cvtres.read.1.tlog
D:\FemasV0.00_contest2015\husky\husky\Debug\link.7204-cvtres.write.1.tlog
D:\FemasV0.00_contest2015\husky\husky\Debug\link.7228.read.1.tlog
D:\FemasV0.00_contest2015\husky\husky\Debug\link.7228.write.1.tlog
D:\FemasV0.00_contest2015\husky\husky\Debug\link.7228-cvtres.read.1.tlog
D:\FemasV0.00_contest2015\husky\husky\Debug\link.7228-cvtres.write.1.tlog
D:\FemasV0.00_contest2015\husky\husky\Debug\link.7252.read.1.tlog
D:\FemasV0.00_contest2015\husky\husky\Debug\link.7252.write.1.tlog
D:\FemasV0.00_contest2015\husky\husky\Debug\link.7252-cvtres.read.1.tlog
D:\FemasV0.00_contest2015\husky\husky\Debug\link.7252-cvtres.write.1.tlog
D:\FemasV0.00_contest2015\husky\husky\Debug\link.7360.read.1.tlog
D:\FemasV0.00_contest2015\husky\husky\Debug\link.7360.write.1.tlog
D:\FemasV0.00_contest2015\husky\husky\Debug\link.7360-cvtres.read.1.tlog
D:\FemasV0.00_contest2015\husky\husky\Debug\link.7360-cvtres.write.1.tlog
D:\FemasV0.00_contest2015\husky\husky\Debug\link.7716.read.1.tlog
D:\FemasV0.00_contest2015\husky\husky\Debug\link.7716.write.1.tlog
D:\FemasV0.00_contest2015\husky\husky\Debug\link.7716-cvtres.read.1.tlog
D:\FemasV0.00_contest2015\husky\husky\Debug\link.7716-cvtres.write.1.tlog
D:\FemasV0.00_contest2015\husky\husky\Debug\link.7748.read.1.tlog
D:\FemasV0.00_contest2015\husky\husky\Debug\link.7748.write.1.tlog
D:\FemasV0.00_contest2015\husky\husky\Debug\link.7748-cvtres.read.1.tlog
D:\FemasV0.00_contest2015\husky\husky\Debug\link.7748-cvtres.write.1.tlog
D:\FemasV0.00_contest2015\husky\husky\Debug\link.8712.read.1.tlog
D:\FemasV0.00_contest2015\husky\husky\Debug\link.8712.write.1.tlog
D:\FemasV0.00_contest2015\husky\husky\Debug\link.8712-cvtres.read.1.tlog
D:\FemasV0.00_contest2015\husky\husky\Debug\link.8712-cvtres.write.1.tlog
D:\FemasV0.00_contest2015\husky\husky\Debug\link.9920.read.1.tlog
D:\FemasV0.00_contest2015\husky\husky\Debug\link.9920.write.1.tlog
D:\FemasV0.00_contest2015\husky\husky\Debug\link.9920-cvtres.read.1.tlog
D:\FemasV0.00_contest2015\husky\husky\Debug\link.9920-cvtres.write.1.tlog
D:\FemasV0.00_contest2015\husky\husky\Debug\link.command.1.tlog
D:\FemasV0.00_contest2015\husky\husky\Debug\link.read.1.tlog
D:\FemasV0.00_contest2015\husky\husky\Debug\link.write.1.tlog
D:\FemasV0.00_contest2015\husky\husky\Debug\link-cvtres.read.1.tlog
D:\FemasV0.00_contest2015\husky\husky\Debug\link-cvtres.write.1.tlog
D:\FEMASV0.00_CONTEST2015\HUSKY\HUSKY\DEBUG\LOGINHANDLER.OBJ
D:\FemasV0.00_contest2015\husky\husky\Debug\mt.command.1.tlog
D:\FemasV0.00_contest2015\husky\husky\Debug\mt.read.1.tlog
D:\FemasV0.00_contest2015\husky\husky\Debug\mt.write.1.tlog
D:\FEMASV0.00_CONTEST2015\HUSKY\HUSKY\DEBUG\POSITION.OBJ
D:\FemasV0.00_contest2015\husky\husky\Debug\rc.command.1.tlog
D:\FemasV0.00_contest2015\husky\husky\Debug\rc.read.1.tlog
D:\FemasV0.00_contest2015\husky\husky\Debug\rc.write.1.tlog
D:\FEMASV0.00_CONTEST2015\HUSKY\HUSKY\DEBUG\SELECTNAME.OBJ
D:\FEMASV0.00_CONTEST2015\HUSKY\HUSKY\DEBUG\STDAFX.OBJ
D:\FEMASV0.00_CONTEST2015\HUSKY\HUSKY\DEBUG\STRAGEDY.OBJ
D:\FEMASV0.00_CONTEST2015\HUSKY\HUSKY\DEBUG\TRADERHANDLER.OBJ
D:\FemasV0.00_contest2015\husky\husky\Debug\vc100.idb
D:\FEMASV0.00_CONTEST2015\HUSKY\HUSKY\DEBUG\VC100.PDB
